<?xml version="1.0" encoding="UTF-8"?>
<!-- Generated by org.testng.reporters.JUnitXMLReporter -->
<testsuite hostname="DESKTOP-QPVRL6U" name="Test" tests="2" failures="2" timestamp="23 Jul 2018 10:18:21 GMT" time="0.031" errors="0">
  <testcase name="ProjectsAndCustomers" time="0.016" classname="com.actitime.customertest.ProjectAndCustomer">
    <failure type="java.lang.NullPointerException">
      <![CDATA[java.lang.NullPointerException
	at com.actitime.customertest.ProjectAndCustomer.ProjectsAndCustomers(ProjectAndCustomer.java:12)
... Removed 24 stack frames]]>
    </failure>
  </testcase> <!-- ProjectsAndCustomers -->
  <testcase name="createCustomerTest" time="0.0" classname="com.actitime.customertest.UserTest">
    <failure type="java.lang.NullPointerException">
      <![CDATA[java.lang.NullPointerException
	at com.actitime.customertest.UserTest.createCustomerTest(UserTest.java:16)
... Removed 24 stack frames]]>
    </failure>
  </testcase> <!-- createCustomerTest -->
</testsuite> <!-- Test -->
